<?xml version="1.0" encoding="UTF-8"?>
<robot generator="Robot 3.1.2 (Python 3.6.5 on win32)" generated="20200123 18:29:24.063" rpa="false">
<suite id="s1" name="Tests" source="C:\development\robot-scripts\aza dashboard\tests">
<suite id="s1-s1" name="Dashboard" source="C:\development\robot-scripts\aza dashboard\tests\dashboard.robot">
<test id="s1-s1-t1" name="Access Users">
<kw name="Begin Test" library="global">
<kw name="Open Browser" library="SeleniumLibrary">
<doc>Opens a new browser instance to the given ``url``.</doc>
<arguments>
<arg>${URL}</arg>
<arg>${BROWSER}</arg>
</arguments>
<msg timestamp="20200123 18:29:24.362" level="INFO">Opening browser 'gc' to base url 'http://tech-test-qa-aza-engineering.codeanyapp.com:3002/'.</msg>
<status status="PASS" starttime="20200123 18:29:24.362" endtime="20200123 18:29:34.617"></status>
</kw>
<status status="PASS" starttime="20200123 18:29:24.361" endtime="20200123 18:29:34.617"></status>
</kw>
<kw name="Access Users" library="dash">
<kw name="Click Link" library="SeleniumLibrary">
<doc>Clicks a link identified by ``locator``.</doc>
<arguments>
<arg>css=#root &gt; div &gt; ul &gt; li:nth-child(1) &gt; a</arg>
</arguments>
<msg timestamp="20200123 18:29:34.618" level="INFO">Clicking link 'css=#root &gt; div &gt; ul &gt; li:nth-child(1) &gt; a'.</msg>
<status status="PASS" starttime="20200123 18:29:34.618" endtime="20200123 18:29:34.799"></status>
</kw>
<kw name="Wait Until Page Contains" library="SeleniumLibrary">
<doc>Waits until ``text`` appears on current page.</doc>
<arguments>
<arg>xpath=//*[@id="root"]/div/div/h2</arg>
</arguments>
<kw name="Capture Page Screenshot" library="SeleniumLibrary">
<doc>Takes screenshot of the current page and embeds it into log file.</doc>
<msg timestamp="20200123 18:29:40.144" level="INFO" html="yes">&lt;/td&gt;&lt;/tr&gt;&lt;tr&gt;&lt;td colspan="3"&gt;&lt;a href="selenium-screenshot-3.png"&gt;&lt;img src="selenium-screenshot-3.png" width="800px"&gt;&lt;/a&gt;</msg>
<status status="PASS" starttime="20200123 18:29:39.855" endtime="20200123 18:29:40.144"></status>
</kw>
<msg timestamp="20200123 18:29:40.146" level="FAIL">Text 'xpath=//*[@id="root"]/div/div/h2' did not appear in 5 seconds.</msg>
<status status="FAIL" starttime="20200123 18:29:34.799" endtime="20200123 18:29:40.146"></status>
</kw>
<status status="FAIL" starttime="20200123 18:29:34.618" endtime="20200123 18:29:40.146"></status>
</kw>
<status status="FAIL" starttime="20200123 18:29:24.360" endtime="20200123 18:29:40.146" critical="yes">Text 'xpath=//*[@id="root"]/div/div/h2' did not appear in 5 seconds.</status>
</test>
<status status="FAIL" starttime="20200123 18:29:24.100" endtime="20200123 18:29:40.148"></status>
</suite>
<status status="FAIL" starttime="20200123 18:29:24.066" endtime="20200123 18:29:40.152"></status>
</suite>
<statistics>
<total>
<stat pass="0" fail="1">Critical Tests</stat>
<stat pass="0" fail="1">All Tests</stat>
</total>
<tag>
</tag>
<suite>
<stat pass="0" fail="1" id="s1" name="Tests">Tests</stat>
<stat pass="0" fail="1" id="s1-s1" name="Dashboard">Tests.Dashboard</stat>
</suite>
</statistics>
<errors>
</errors>
</robot>
